=== LEVEL 0: prove blocks 1..550 as ranges across 2 GPUs (/root/witnesses_bridge) ===
proved range [1..1] in 1.1s -> range_1.bin
proved range [2..2] in 1.3s -> range_2.bin
proved range [3..3] in 1.2s -> range_3.bin
proved range [4..4] in 1.2s -> range_4.bin
proved range [6..6] in 1.2s -> range_6.bin
proved range [5..5] in 1.2s -> range_5.bin
proved range [8..8] in 1.3s -> range_8.bin
proved range [7..7] in 1.3s -> range_7.bin
proved range [9..9] in 1.2s -> range_9.bin
proved range [10..10] in 1.2s -> range_10.bin
proved range [11..11] in 1.2s -> range_11.bin
proved range [12..12] in 1.3s -> range_12.bin
proved range [13..13] in 1.2s -> range_13.bin
proved range [14..14] in 1.3s -> range_14.bin
proved range [15..15] in 1.2s -> range_15.bin
proved range [16..16] in 1.2s -> range_16.bin
proved range [18..18] in 1.2s -> range_18.bin
proved range [17..17] in 1.2s -> range_17.bin
proved range [20..20] in 1.2s -> range_20.bin
proved range [19..19] in 1.2s -> range_19.bin
proved range [22..22] in 1.2s -> range_22.bin
proved range [21..21] in 1.2s -> range_21.bin
proved range [23..23] in 1.2s -> range_23.bin
proved range [24..24] in 1.3s -> range_24.bin
proved range [25..25] in 1.2s -> range_25.bin
proved range [26..26] in 1.2s -> range_26.bin
proved range [28..28] in 1.2s -> range_28.bin
proved range [27..27] in 1.2s -> range_27.bin
proved range [29..29] in 1.2s -> range_29.bin
proved range [30..30] in 1.2s -> range_30.bin
proved range [32..32] in 1.2s -> range_32.bin
proved range [31..31] in 1.2s -> range_31.bin
proved range [34..34] in 1.2s -> range_34.bin
proved range [33..33] in 1.2s -> range_33.bin
proved range [35..35] in 1.2s -> range_35.bin
proved range [36..36] in 1.2s -> range_36.bin
proved range [37..37] in 1.2s -> range_37.bin
proved range [38..38] in 1.2s -> range_38.bin
proved range [39..39] in 1.2s -> range_39.bin
proved range [40..40] in 1.2s -> range_40.bin
proved range [41..41] in 1.2s -> range_41.bin
proved range [42..42] in 1.2s -> range_42.bin
proved range [43..43] in 1.2s -> range_43.bin
proved range [44..44] in 1.2s -> range_44.bin
proved range [46..46] in 1.2s -> range_46.bin
proved range [45..45] in 1.2s -> range_45.bin
proved range [48..48] in 1.2s -> range_48.bin
proved range [47..47] in 1.2s -> range_47.bin
proved range [49..49] in 1.2s -> range_49.bin
proved range [50..50] in 1.2s -> range_50.bin
proved range [52..52] in 1.2s -> range_52.bin
proved range [51..51] in 1.2s -> range_51.bin
proved range [53..53] in 1.2s -> range_53.bin
proved range [54..54] in 1.2s -> range_54.bin
proved range [56..56] in 1.2s -> range_56.bin
proved range [55..55] in 1.3s -> range_55.bin
proved range [57..57] in 1.2s -> range_57.bin
proved range [58..58] in 1.2s -> range_58.bin
proved range [60..60] in 1.2s -> range_60.bin
proved range [59..59] in 1.2s -> range_59.bin
proved range [61..61] in 1.2s -> range_61.bin
proved range [62..62] in 1.3s -> range_62.bin
proved range [63..63] in 1.2s -> range_63.bin
proved range [64..64] in 1.2s -> range_64.bin
proved range [65..65] in 1.2s -> range_65.bin
proved range [66..66] in 1.2s -> range_66.bin
proved range [67..67] in 1.2s -> range_67.bin
proved range [68..68] in 1.2s -> range_68.bin
proved range [69..69] in 1.2s -> range_69.bin
proved range [70..70] in 1.2s -> range_70.bin
proved range [72..72] in 1.2s -> range_72.bin
proved range [71..71] in 1.2s -> range_71.bin
proved range [73..73] in 1.2s -> range_73.bin
proved range [74..74] in 1.2s -> range_74.bin
proved range [76..76] in 1.2s -> range_76.bin
proved range [75..75] in 1.2s -> range_75.bin
proved range [77..77] in 1.2s -> range_77.bin
proved range [78..78] in 1.2s -> range_78.bin
proved range [80..80] in 1.2s -> range_80.bin
proved range [79..79] in 1.2s -> range_79.bin
proved range [81..81] in 1.2s -> range_81.bin
proved range [82..82] in 1.2s -> range_82.bin
proved range [84..84] in 1.2s -> range_84.bin
proved range [83..83] in 1.2s -> range_83.bin
proved range [85..85] in 1.2s -> range_85.bin
proved range [86..86] in 1.2s -> range_86.bin
proved range [87..87] in 1.2s -> range_87.bin
proved range [88..88] in 1.2s -> range_88.bin
proved range [89..89] in 1.2s -> range_89.bin
proved range [90..90] in 1.2s -> range_90.bin
proved range [91..91] in 1.2s -> range_91.bin
proved range [92..92] in 1.2s -> range_92.bin
proved range [93..93] in 1.2s -> range_93.bin
proved range [94..94] in 1.2s -> range_94.bin
proved range [96..96] in 1.3s -> range_96.bin
proved range [95..95] in 1.3s -> range_95.bin
proved range [97..97] in 1.2s -> range_97.bin
proved range [98..98] in 1.2s -> range_98.bin
proved range [99..99] in 1.2s -> range_99.bin
proved range [100..100] in 1.2s -> range_100.bin
proved range [101..101] in 1.3s -> range_101.bin
proved range [102..102] in 1.3s -> range_102.bin
proved range [104..104] in 1.2s -> range_104.bin
proved range [103..103] in 1.2s -> range_103.bin
proved range [106..106] in 1.2s -> range_106.bin
proved range [105..105] in 1.2s -> range_105.bin
proved range [107..107] in 1.2s -> range_107.bin
proved range [108..108] in 1.2s -> range_108.bin
proved range [109..109] in 1.2s -> range_109.bin
proved range [110..110] in 1.2s -> range_110.bin
proved range [111..111] in 1.2s -> range_111.bin
proved range [112..112] in 1.2s -> range_112.bin
proved range [114..114] in 1.2s -> range_114.bin
proved range [113..113] in 1.2s -> range_113.bin
proved range [116..116] in 1.2s -> range_116.bin
proved range [115..115] in 1.2s -> range_115.bin
proved range [117..117] in 1.2s -> range_117.bin
proved range [118..118] in 1.2s -> range_118.bin
proved range [120..120] in 1.2s -> range_120.bin
proved range [119..119] in 1.2s -> range_119.bin
proved range [121..121] in 1.2s -> range_121.bin
proved range [122..122] in 1.2s -> range_122.bin
proved range [124..124] in 1.2s -> range_124.bin
proved range [123..123] in 1.2s -> range_123.bin
proved range [125..125] in 1.2s -> range_125.bin
proved range [126..126] in 1.2s -> range_126.bin
proved range [127..127] in 1.2s -> range_127.bin
proved range [128..128] in 1.2s -> range_128.bin
proved range [130..130] in 1.2s -> range_130.bin
proved range [129..129] in 1.2s -> range_129.bin
proved range [131..131] in 1.2s -> range_131.bin
proved range [132..132] in 1.2s -> range_132.bin
proved range [134..134] in 1.2s -> range_134.bin
proved range [133..133] in 1.2s -> range_133.bin
proved range [136..136] in 1.2s -> range_136.bin
proved range [135..135] in 1.2s -> range_135.bin
proved range [137..137] in 1.2s -> range_137.bin
proved range [138..138] in 1.2s -> range_138.bin
proved range [140..140] in 1.2s -> range_140.bin
proved range [139..139] in 1.2s -> range_139.bin
proved range [141..141] in 1.2s -> range_141.bin
proved range [142..142] in 1.2s -> range_142.bin
proved range [144..144] in 1.2s -> range_144.bin
proved range [143..143] in 1.2s -> range_143.bin
proved range [145..145] in 1.2s -> range_145.bin
proved range [146..146] in 1.2s -> range_146.bin
proved range [148..148] in 1.2s -> range_148.bin
proved range [147..147] in 1.2s -> range_147.bin
proved range [150..150] in 1.2s -> range_150.bin
proved range [149..149] in 1.2s -> range_149.bin
proved range [151..151] in 1.2s -> range_151.bin
proved range [152..152] in 1.2s -> range_152.bin
proved range [153..153] in 1.2s -> range_153.bin
proved range [154..154] in 1.2s -> range_154.bin
proved range [155..155] in 1.2s -> range_155.bin
proved range [156..156] in 1.2s -> range_156.bin
proved range [158..158] in 1.2s -> range_158.bin
proved range [157..157] in 1.2s -> range_157.bin
proved range [159..159] in 1.2s -> range_159.bin
proved range [160..160] in 1.2s -> range_160.bin
proved range [161..161] in 1.2s -> range_161.bin
proved range [162..162] in 1.2s -> range_162.bin
proved range [163..163] in 1.2s -> range_163.bin
proved range [164..164] in 1.2s -> range_164.bin
proved range [166..166] in 1.2s -> range_166.bin
proved range [165..165] in 1.2s -> range_165.bin
proved range [167..167] in 1.2s -> range_167.bin
proved range [168..168] in 1.2s -> range_168.bin
proved range [169..169] in 1.3s -> range_169.bin
proved range [170..170] in 4.1s -> range_170.bin
proved range [171..171] in 1.3s -> range_171.bin
proved range [172..172] in 1.3s -> range_172.bin
proved range [173..173] in 1.2s -> range_173.bin
proved range [174..174] in 1.2s -> range_174.bin
proved range [176..176] in 1.2s -> range_176.bin
proved range [175..175] in 1.2s -> range_175.bin
proved range [178..178] in 1.2s -> range_178.bin
proved range [177..177] in 1.2s -> range_177.bin
proved range [180..180] in 1.2s -> range_180.bin
proved range [179..179] in 1.2s -> range_179.bin
proved range [182..182] in 4.2s -> range_182.bin
proved range [181..181] in 4.3s -> range_181.bin
proved range [184..184] in 1.2s -> range_184.bin
proved range [183..183] in 4.0s -> range_183.bin
proved range [185..185] in 1.3s -> range_185.bin
proved range [186..186] in 1.3s -> range_186.bin
proved range [188..188] in 1.2s -> range_188.bin
proved range [187..187] in 4.0s -> range_187.bin
proved range [189..189] in 1.3s -> range_189.bin
proved range [190..190] in 1.3s -> range_190.bin
proved range [191..191] in 1.2s -> range_191.bin
proved range [192..192] in 1.2s -> range_192.bin
proved range [193..193] in 1.2s -> range_193.bin
proved range [194..194] in 1.2s -> range_194.bin
proved range [195..195] in 1.2s -> range_195.bin
proved range [196..196] in 1.3s -> range_196.bin
proved range [197..197] in 1.2s -> range_197.bin
proved range [198..198] in 1.2s -> range_198.bin
proved range [199..199] in 1.2s -> range_199.bin
proved range [200..200] in 1.2s -> range_200.bin
proved range [201..201] in 1.2s -> range_201.bin
proved range [202..202] in 1.2s -> range_202.bin
proved range [204..204] in 1.2s -> range_204.bin
proved range [203..203] in 1.2s -> range_203.bin
proved range [205..205] in 1.2s -> range_205.bin
proved range [206..206] in 1.2s -> range_206.bin
proved range [207..207] in 1.2s -> range_207.bin
proved range [208..208] in 1.2s -> range_208.bin
proved range [209..209] in 1.2s -> range_209.bin
proved range [210..210] in 1.2s -> range_210.bin
proved range [212..212] in 1.2s -> range_212.bin
proved range [211..211] in 1.2s -> range_211.bin
proved range [214..214] in 1.2s -> range_214.bin
proved range [213..213] in 1.2s -> range_213.bin
proved range [215..215] in 1.2s -> range_215.bin
proved range [216..216] in 1.2s -> range_216.bin
proved range [217..217] in 1.2s -> range_217.bin
proved range [218..218] in 1.2s -> range_218.bin
proved range [219..219] in 1.2s -> range_219.bin
proved range [220..220] in 1.2s -> range_220.bin
proved range [222..222] in 1.2s -> range_222.bin
proved range [221..221] in 4.0s -> range_221.bin
proved range [224..224] in 1.3s -> range_224.bin
proved range [223..223] in 1.3s -> range_223.bin
proved range [226..226] in 1.2s -> range_226.bin
proved range [225..225] in 1.2s -> range_225.bin
proved range [227..227] in 1.2s -> range_227.bin
proved range [228..228] in 1.2s -> range_228.bin
proved range [230..230] in 1.2s -> range_230.bin
proved range [229..229] in 1.2s -> range_229.bin
proved range [232..232] in 1.2s -> range_232.bin
proved range [231..231] in 1.2s -> range_231.bin
proved range [233..233] in 1.2s -> range_233.bin
proved range [234..234] in 1.2s -> range_234.bin
proved range [235..235] in 1.2s -> range_235.bin
proved range [236..236] in 1.2s -> range_236.bin
proved range [238..238] in 1.2s -> range_238.bin
proved range [237..237] in 1.2s -> range_237.bin
proved range [239..239] in 1.2s -> range_239.bin
proved range [240..240] in 1.2s -> range_240.bin
proved range [242..242] in 1.2s -> range_242.bin
proved range [241..241] in 1.2s -> range_241.bin
proved range [244..244] in 1.2s -> range_244.bin
proved range [243..243] in 1.2s -> range_243.bin
proved range [245..245] in 1.2s -> range_245.bin
proved range [246..246] in 1.2s -> range_246.bin
proved range [247..247] in 1.2s -> range_247.bin
proved range [248..248] in 4.0s -> range_248.bin
proved range [250..250] in 1.3s -> range_250.bin
proved range [249..249] in 1.3s -> range_249.bin
proved range [252..252] in 1.2s -> range_252.bin
proved range [251..251] in 1.2s -> range_251.bin
proved range [253..253] in 1.2s -> range_253.bin
proved range [254..254] in 1.2s -> range_254.bin
proved range [256..256] in 1.2s -> range_256.bin
proved range [255..255] in 1.2s -> range_255.bin
proved range [258..258] in 1.2s -> range_258.bin
proved range [257..257] in 1.2s -> range_257.bin
proved range [260..260] in 1.2s -> range_260.bin
proved range [259..259] in 1.2s -> range_259.bin
proved range [261..261] in 1.2s -> range_261.bin
proved range [262..262] in 1.3s -> range_262.bin
proved range [264..264] in 1.3s -> range_264.bin
proved range [263..263] in 1.3s -> range_263.bin
proved range [265..265] in 1.2s -> range_265.bin
proved range [266..266] in 1.2s -> range_266.bin
proved range [268..268] in 1.2s -> range_268.bin
proved range [267..267] in 1.2s -> range_267.bin
proved range [269..269] in 1.2s -> range_269.bin
proved range [270..270] in 1.2s -> range_270.bin
proved range [272..272] in 1.2s -> range_272.bin
proved range [271..271] in 1.3s -> range_271.bin
proved range [274..274] in 1.2s -> range_274.bin
proved range [273..273] in 1.2s -> range_273.bin
proved range [275..275] in 1.2s -> range_275.bin
proved range [276..276] in 1.2s -> range_276.bin
proved range [277..277] in 1.2s -> range_277.bin
proved range [278..278] in 1.2s -> range_278.bin
proved range [279..279] in 1.2s -> range_279.bin
proved range [280..280] in 1.2s -> range_280.bin
proved range [282..282] in 1.3s -> range_282.bin
proved range [281..281] in 1.3s -> range_281.bin
proved range [284..284] in 1.2s -> range_284.bin
proved range [283..283] in 1.2s -> range_283.bin
proved range [285..285] in 1.2s -> range_285.bin
proved range [286..286] in 1.2s -> range_286.bin
proved range [287..287] in 1.2s -> range_287.bin
proved range [288..288] in 1.3s -> range_288.bin
proved range [290..290] in 1.2s -> range_290.bin
proved range [289..289] in 1.2s -> range_289.bin
proved range [292..292] in 1.2s -> range_292.bin
proved range [291..291] in 1.2s -> range_291.bin
proved range [294..294] in 1.2s -> range_294.bin
proved range [293..293] in 1.2s -> range_293.bin
proved range [296..296] in 1.2s -> range_296.bin
proved range [295..295] in 1.2s -> range_295.bin
proved range [297..297] in 1.2s -> range_297.bin
proved range [298..298] in 1.2s -> range_298.bin
proved range [300..300] in 1.2s -> range_300.bin
proved range [299..299] in 1.2s -> range_299.bin
proved range [302..302] in 1.2s -> range_302.bin
proved range [301..301] in 1.2s -> range_301.bin
proved range [303..303] in 1.2s -> range_303.bin
proved range [304..304] in 1.2s -> range_304.bin
proved range [305..305] in 1.2s -> range_305.bin
proved range [306..306] in 1.2s -> range_306.bin
proved range [308..308] in 1.2s -> range_308.bin
proved range [307..307] in 1.2s -> range_307.bin
proved range [309..309] in 1.2s -> range_309.bin
proved range [310..310] in 1.2s -> range_310.bin
proved range [312..312] in 1.2s -> range_312.bin
proved range [311..311] in 1.2s -> range_311.bin
proved range [314..314] in 1.3s -> range_314.bin
proved range [313..313] in 1.3s -> range_313.bin
proved range [315..315] in 1.2s -> range_315.bin
proved range [316..316] in 1.2s -> range_316.bin
proved range [318..318] in 1.2s -> range_318.bin
proved range [317..317] in 1.2s -> range_317.bin
proved range [320..320] in 1.2s -> range_320.bin
proved range [319..319] in 1.2s -> range_319.bin
proved range [321..321] in 1.2s -> range_321.bin
proved range [322..322] in 1.2s -> range_322.bin
proved range [324..324] in 1.2s -> range_324.bin
proved range [323..323] in 1.2s -> range_323.bin
proved range [325..325] in 1.2s -> range_325.bin
proved range [326..326] in 1.2s -> range_326.bin
proved range [328..328] in 1.2s -> range_328.bin
proved range [327..327] in 1.2s -> range_327.bin
proved range [329..329] in 1.2s -> range_329.bin
proved range [330..330] in 1.3s -> range_330.bin
proved range [332..332] in 1.2s -> range_332.bin
proved range [331..331] in 1.2s -> range_331.bin
proved range [334..334] in 1.2s -> range_334.bin
proved range [333..333] in 1.2s -> range_333.bin
proved range [335..335] in 1.2s -> range_335.bin
proved range [336..336] in 1.2s -> range_336.bin
proved range [337..337] in 1.3s -> range_337.bin
proved range [338..338] in 1.3s -> range_338.bin
proved range [340..340] in 1.3s -> range_340.bin
proved range [339..339] in 1.3s -> range_339.bin
proved range [341..341] in 1.3s -> range_341.bin
proved range [342..342] in 1.3s -> range_342.bin
proved range [343..343] in 1.3s -> range_343.bin
proved range [344..344] in 1.3s -> range_344.bin
proved range [345..345] in 1.2s -> range_345.bin
proved range [346..346] in 1.3s -> range_346.bin
proved range [348..348] in 1.2s -> range_348.bin
proved range [347..347] in 1.3s -> range_347.bin
proved range [350..350] in 1.2s -> range_350.bin
proved range [349..349] in 1.2s -> range_349.bin
proved range [352..352] in 1.2s -> range_352.bin
proved range [351..351] in 1.2s -> range_351.bin
proved range [353..353] in 1.2s -> range_353.bin
proved range [354..354] in 1.2s -> range_354.bin
proved range [356..356] in 1.2s -> range_356.bin
proved range [355..355] in 1.2s -> range_355.bin
proved range [357..357] in 1.2s -> range_357.bin
proved range [358..358] in 1.2s -> range_358.bin
proved range [360..360] in 1.2s -> range_360.bin
proved range [359..359] in 1.3s -> range_359.bin
proved range [362..362] in 1.2s -> range_362.bin
proved range [361..361] in 1.3s -> range_361.bin
proved range [364..364] in 1.2s -> range_364.bin
proved range [363..363] in 1.2s -> range_363.bin
proved range [365..365] in 1.2s -> range_365.bin
proved range [366..366] in 1.2s -> range_366.bin
proved range [368..368] in 1.2s -> range_368.bin
proved range [367..367] in 1.2s -> range_367.bin
proved range [369..369] in 1.2s -> range_369.bin
proved range [370..370] in 1.2s -> range_370.bin
proved range [372..372] in 1.2s -> range_372.bin
proved range [371..371] in 1.3s -> range_371.bin
proved range [374..374] in 1.2s -> range_374.bin
proved range [373..373] in 1.2s -> range_373.bin
proved range [375..375] in 1.2s -> range_375.bin
proved range [376..376] in 1.2s -> range_376.bin
proved range [377..377] in 1.2s -> range_377.bin
proved range [378..378] in 1.2s -> range_378.bin
proved range [380..380] in 1.2s -> range_380.bin
proved range [379..379] in 1.2s -> range_379.bin
proved range [381..381] in 1.2s -> range_381.bin
proved range [382..382] in 1.2s -> range_382.bin
proved range [383..383] in 1.2s -> range_383.bin
proved range [384..384] in 1.2s -> range_384.bin
proved range [386..386] in 1.2s -> range_386.bin
proved range [385..385] in 1.2s -> range_385.bin
proved range [387..387] in 1.2s -> range_387.bin
proved range [388..388] in 1.2s -> range_388.bin
proved range [390..390] in 1.2s -> range_390.bin
proved range [389..389] in 1.2s -> range_389.bin
proved range [391..391] in 1.2s -> range_391.bin
proved range [392..392] in 1.2s -> range_392.bin
proved range [393..393] in 1.2s -> range_393.bin
proved range [394..394] in 1.3s -> range_394.bin
proved range [396..396] in 1.2s -> range_396.bin
proved range [395..395] in 1.2s -> range_395.bin
proved range [397..397] in 1.2s -> range_397.bin
proved range [398..398] in 1.2s -> range_398.bin
proved range [400..400] in 1.2s -> range_400.bin
proved range [399..399] in 1.2s -> range_399.bin
proved range [401..401] in 1.2s -> range_401.bin
proved range [402..402] in 1.2s -> range_402.bin
proved range [403..403] in 1.2s -> range_403.bin
proved range [404..404] in 1.2s -> range_404.bin
proved range [405..405] in 1.2s -> range_405.bin
proved range [406..406] in 1.2s -> range_406.bin
proved range [407..407] in 1.2s -> range_407.bin
proved range [408..408] in 1.2s -> range_408.bin
proved range [409..409] in 1.2s -> range_409.bin
proved range [410..410] in 1.2s -> range_410.bin
proved range [412..412] in 1.2s -> range_412.bin
proved range [411..411] in 1.2s -> range_411.bin
proved range [414..414] in 1.2s -> range_414.bin
proved range [413..413] in 1.2s -> range_413.bin
proved range [416..416] in 1.2s -> range_416.bin
proved range [415..415] in 1.2s -> range_415.bin
proved range [417..417] in 1.2s -> range_417.bin
proved range [418..418] in 1.2s -> range_418.bin
proved range [419..419] in 1.2s -> range_419.bin
proved range [420..420] in 1.2s -> range_420.bin
proved range [421..421] in 1.2s -> range_421.bin
proved range [422..422] in 1.2s -> range_422.bin
proved range [423..423] in 1.2s -> range_423.bin
proved range [424..424] in 1.2s -> range_424.bin
proved range [425..425] in 1.3s -> range_425.bin
proved range [426..426] in 1.3s -> range_426.bin
proved range [428..428] in 1.2s -> range_428.bin
proved range [427..427] in 1.3s -> range_427.bin
proved range [430..430] in 1.3s -> range_430.bin
proved range [429..429] in 1.3s -> range_429.bin
proved range [432..432] in 1.3s -> range_432.bin
proved range [431..431] in 1.3s -> range_431.bin
proved range [433..433] in 1.2s -> range_433.bin
proved range [434..434] in 1.2s -> range_434.bin
proved range [436..436] in 1.3s -> range_436.bin
proved range [435..435] in 1.3s -> range_435.bin
proved range [438..438] in 1.3s -> range_438.bin
proved range [437..437] in 1.3s -> range_437.bin
proved range [440..440] in 1.3s -> range_440.bin
proved range [439..439] in 1.3s -> range_439.bin
proved range [442..442] in 1.2s -> range_442.bin
proved range [441..441] in 1.3s -> range_441.bin
proved range [444..444] in 1.2s -> range_444.bin
proved range [443..443] in 1.3s -> range_443.bin
proved range [445..445] in 1.2s -> range_445.bin
proved range [446..446] in 1.2s -> range_446.bin
proved range [448..448] in 1.2s -> range_448.bin
proved range [447..447] in 1.2s -> range_447.bin
proved range [449..449] in 1.2s -> range_449.bin
proved range [450..450] in 1.3s -> range_450.bin
proved range [451..451] in 1.2s -> range_451.bin
proved range [452..452] in 1.2s -> range_452.bin
proved range [453..453] in 1.3s -> range_453.bin
proved range [454..454] in 1.3s -> range_454.bin
proved range [456..456] in 1.2s -> range_456.bin
proved range [455..455] in 1.2s -> range_455.bin
proved range [457..457] in 1.2s -> range_457.bin
proved range [458..458] in 1.3s -> range_458.bin
proved range [460..460] in 1.2s -> range_460.bin
proved range [459..459] in 1.2s -> range_459.bin
proved range [461..461] in 1.2s -> range_461.bin
proved range [462..462] in 1.3s -> range_462.bin
proved range [463..463] in 1.2s -> range_463.bin
proved range [464..464] in 1.2s -> range_464.bin
proved range [465..465] in 1.2s -> range_465.bin
proved range [466..466] in 1.2s -> range_466.bin
proved range [468..468] in 1.2s -> range_468.bin
proved range [467..467] in 1.2s -> range_467.bin
proved range [470..470] in 1.2s -> range_470.bin
proved range [469..469] in 1.2s -> range_469.bin
proved range [471..471] in 1.3s -> range_471.bin
proved range [472..472] in 1.3s -> range_472.bin
proved range [473..473] in 1.3s -> range_473.bin
proved range [474..474] in 1.3s -> range_474.bin
proved range [476..476] in 1.2s -> range_476.bin
proved range [475..475] in 1.2s -> range_475.bin
proved range [477..477] in 1.2s -> range_477.bin
proved range [478..478] in 1.2s -> range_478.bin
proved range [480..480] in 1.2s -> range_480.bin
proved range [479..479] in 1.3s -> range_479.bin
proved range [481..481] in 1.2s -> range_481.bin
proved range [482..482] in 1.2s -> range_482.bin
proved range [483..483] in 1.3s -> range_483.bin
proved range [484..484] in 1.3s -> range_484.bin
proved range [485..485] in 1.2s -> range_485.bin
proved range [486..486] in 1.3s -> range_486.bin
proved range [488..488] in 1.2s -> range_488.bin
proved range [487..487] in 1.3s -> range_487.bin
proved range [489..489] in 1.2s -> range_489.bin
proved range [490..490] in 1.2s -> range_490.bin
proved range [491..491] in 1.2s -> range_491.bin
proved range [492..492] in 1.2s -> range_492.bin
proved range [494..494] in 1.2s -> range_494.bin
proved range [493..493] in 1.2s -> range_493.bin
proved range [495..495] in 1.2s -> range_495.bin
proved range [496..496] in 10.1s -> range_496.bin
proved range [498..498] in 1.3s -> range_498.bin
proved range [497..497] in 1.3s -> range_497.bin
proved range [500..500] in 1.2s -> range_500.bin
proved range [499..499] in 1.3s -> range_499.bin
proved range [501..501] in 1.3s -> range_501.bin
proved range [502..502] in 1.3s -> range_502.bin
proved range [504..504] in 1.3s -> range_504.bin
proved range [503..503] in 1.3s -> range_503.bin
proved range [505..505] in 1.3s -> range_505.bin
proved range [506..506] in 1.3s -> range_506.bin
proved range [508..508] in 1.3s -> range_508.bin
proved range [507..507] in 1.3s -> range_507.bin
proved range [510..510] in 1.2s -> range_510.bin
proved range [509..509] in 1.2s -> range_509.bin
proved range [512..512] in 1.2s -> range_512.bin
proved range [511..511] in 1.2s -> range_511.bin
proved range [514..514] in 1.2s -> range_514.bin
proved range [513..513] in 1.2s -> range_513.bin
proved range [516..516] in 1.2s -> range_516.bin
proved range [515..515] in 1.3s -> range_515.bin
proved range [518..518] in 1.2s -> range_518.bin
proved range [517..517] in 1.2s -> range_517.bin
proved range [519..519] in 1.2s -> range_519.bin
proved range [520..520] in 1.2s -> range_520.bin
proved range [522..522] in 1.2s -> range_522.bin
proved range [521..521] in 1.2s -> range_521.bin
proved range [523..523] in 1.2s -> range_523.bin
proved range [524..524] in 4.0s -> range_524.bin
proved range [525..525] in 1.2s -> range_525.bin
proved range [526..526] in 1.3s -> range_526.bin
proved range [527..527] in 1.2s -> range_527.bin
proved range [528..528] in 1.3s -> range_528.bin
proved range [529..529] in 1.2s -> range_529.bin
proved range [530..530] in 1.2s -> range_530.bin
proved range [532..532] in 1.2s -> range_532.bin
proved range [531..531] in 1.3s -> range_531.bin
proved range [533..533] in 1.2s -> range_533.bin
proved range [534..534] in 1.2s -> range_534.bin
proved range [536..536] in 1.3s -> range_536.bin
proved range [535..535] in 1.3s -> range_535.bin
proved range [538..538] in 1.3s -> range_538.bin
proved range [537..537] in 1.3s -> range_537.bin
proved range [539..539] in 1.3s -> range_539.bin
proved range [540..540] in 1.3s -> range_540.bin
proved range [541..541] in 1.2s -> range_541.bin
proved range [542..542] in 1.2s -> range_542.bin
proved range [543..543] in 1.2s -> range_543.bin
proved range [544..544] in 1.2s -> range_544.bin
proved range [545..545] in 4.2s -> range_545.bin
proved range [546..546] in 18.3s -> range_546.bin
proved range [548..548] in 1.3s -> range_548.bin
proved range [547..547] in 1.3s -> range_547.bin
proved range [549..549] in 1.2s -> range_549.bin
proved range [550..550] in 1.2s -> range_550.bin
=== TREE FOLD (parallel per level) ===
folded -> range [3..4] in 1.7s -> fold_L1_2.bin
folded -> range [1..2] in 1.7s -> fold_L1_0.bin
folded -> range [5..6] in 1.7s -> fold_L1_4.bin
folded -> range [7..8] in 2.1s -> fold_L1_6.bin
folded -> range [9..10] in 2.1s -> fold_L1_8.bin
folded -> range [11..12] in 2.2s -> fold_L1_10.bin
folded -> range [13..14] in 2.1s -> fold_L1_12.bin
folded -> range [15..16] in 2.1s -> fold_L1_14.bin
folded -> range [19..20] in 2.1s -> fold_L1_18.bin
folded -> range [17..18] in 2.1s -> fold_L1_16.bin
folded -> range [21..22] in 2.1s -> fold_L1_20.bin
folded -> range [23..24] in 2.1s -> fold_L1_22.bin
folded -> range [25..26] in 2.1s -> fold_L1_24.bin
folded -> range [27..28] in 2.1s -> fold_L1_26.bin
folded -> range [31..32] in 2.1s -> fold_L1_30.bin
folded -> range [29..30] in 2.1s -> fold_L1_28.bin
folded -> range [33..34] in 2.1s -> fold_L1_32.bin
folded -> range [35..36] in 2.1s -> fold_L1_34.bin
folded -> range [37..38] in 2.1s -> fold_L1_36.bin
folded -> range [39..40] in 2.1s -> fold_L1_38.bin
folded -> range [43..44] in 2.1s -> fold_L1_42.bin
folded -> range [41..42] in 2.1s -> fold_L1_40.bin
folded -> range [47..48] in 2.1s -> fold_L1_46.bin
folded -> range [45..46] in 2.1s -> fold_L1_44.bin
folded -> range [51..52] in 2.1s -> fold_L1_50.bin
folded -> range [49..50] in 2.1s -> fold_L1_48.bin
folded -> range [53..54] in 2.1s -> fold_L1_52.bin
folded -> range [55..56] in 2.1s -> fold_L1_54.bin
folded -> range [57..58] in 2.1s -> fold_L1_56.bin
folded -> range [59..60] in 2.2s -> fold_L1_58.bin
folded -> range [63..64] in 2.1s -> fold_L1_62.bin
folded -> range [61..62] in 2.1s -> fold_L1_60.bin
folded -> range [65..66] in 2.1s -> fold_L1_64.bin
folded -> range [67..68] in 2.1s -> fold_L1_66.bin
folded -> range [71..72] in 2.1s -> fold_L1_70.bin
folded -> range [69..70] in 2.1s -> fold_L1_68.bin
folded -> range [75..76] in 2.1s -> fold_L1_74.bin
folded -> range [73..74] in 2.1s -> fold_L1_72.bin
folded -> range [79..80] in 2.1s -> fold_L1_78.bin
folded -> range [77..78] in 2.1s -> fold_L1_76.bin
folded -> range [81..82] in 2.1s -> fold_L1_80.bin
folded -> range [83..84] in 2.1s -> fold_L1_82.bin
folded -> range [85..86] in 2.1s -> fold_L1_84.bin
folded -> range [87..88] in 2.1s -> fold_L1_86.bin
folded -> range [89..90] in 2.1s -> fold_L1_88.bin
folded -> range [91..92] in 2.1s -> fold_L1_90.bin
folded -> range [93..94] in 2.1s -> fold_L1_92.bin
folded -> range [95..96] in 2.2s -> fold_L1_94.bin
folded -> range [97..98] in 2.1s -> fold_L1_96.bin
folded -> range [99..100] in 2.1s -> fold_L1_98.bin
folded -> range [101..102] in 2.1s -> fold_L1_100.bin
folded -> range [103..104] in 2.1s -> fold_L1_102.bin
folded -> range [107..108] in 2.1s -> fold_L1_106.bin
folded -> range [105..106] in 2.2s -> fold_L1_104.bin
folded -> range [111..112] in 2.2s -> fold_L1_110.bin
folded -> range [109..110] in 2.2s -> fold_L1_108.bin
folded -> range [113..114] in 2.1s -> fold_L1_112.bin
folded -> range [115..116] in 2.1s -> fold_L1_114.bin
folded -> range [117..118] in 2.2s -> fold_L1_116.bin
folded -> range [119..120] in 2.2s -> fold_L1_118.bin
folded -> range [121..122] in 2.2s -> fold_L1_120.bin
folded -> range [123..124] in 2.2s -> fold_L1_122.bin
folded -> range [127..128] in 2.2s -> fold_L1_126.bin
folded -> range [125..126] in 2.2s -> fold_L1_124.bin
folded -> range [129..130] in 2.1s -> fold_L1_128.bin
folded -> range [131..132] in 2.1s -> fold_L1_130.bin
folded -> range [135..136] in 2.1s -> fold_L1_134.bin
folded -> range [133..134] in 2.1s -> fold_L1_132.bin
folded -> range [137..138] in 2.1s -> fold_L1_136.bin
folded -> range [139..140] in 2.1s -> fold_L1_138.bin
folded -> range [141..142] in 2.1s -> fold_L1_140.bin
folded -> range [143..144] in 2.1s -> fold_L1_142.bin
folded -> range [147..148] in 2.1s -> fold_L1_146.bin
folded -> range [145..146] in 2.1s -> fold_L1_144.bin
folded -> range [151..152] in 2.1s -> fold_L1_150.bin
folded -> range [149..150] in 2.2s -> fold_L1_148.bin
folded -> range [153..154] in 2.1s -> fold_L1_152.bin
folded -> range [155..156] in 2.1s -> fold_L1_154.bin
folded -> range [157..158] in 2.1s -> fold_L1_156.bin
folded -> range [159..160] in 2.2s -> fold_L1_158.bin
folded -> range [163..164] in 2.1s -> fold_L1_162.bin
folded -> range [161..162] in 2.2s -> fold_L1_160.bin
folded -> range [165..166] in 2.1s -> fold_L1_164.bin
folded -> range [167..168] in 2.1s -> fold_L1_166.bin
folded -> range [169..170] in 2.1s -> fold_L1_168.bin
folded -> range [171..172] in 2.1s -> fold_L1_170.bin
folded -> range [175..176] in 2.2s -> fold_L1_174.bin
folded -> range [173..174] in 2.2s -> fold_L1_172.bin
folded -> range [177..178] in 2.1s -> fold_L1_176.bin
folded -> range [179..180] in 2.2s -> fold_L1_178.bin
folded -> range [181..182] in 2.2s -> fold_L1_180.bin
folded -> range [183..184] in 2.2s -> fold_L1_182.bin
folded -> range [187..188] in 2.1s -> fold_L1_186.bin
folded -> range [185..186] in 2.2s -> fold_L1_184.bin
folded -> range [191..192] in 2.1s -> fold_L1_190.bin
folded -> range [189..190] in 2.1s -> fold_L1_188.bin
folded -> range [193..194] in 2.1s -> fold_L1_192.bin
folded -> range [195..196] in 2.1s -> fold_L1_194.bin
folded -> range [197..198] in 2.1s -> fold_L1_196.bin
folded -> range [199..200] in 2.1s -> fold_L1_198.bin
folded -> range [203..204] in 2.1s -> fold_L1_202.bin
folded -> range [201..202] in 2.2s -> fold_L1_200.bin
folded -> range [205..206] in 2.2s -> fold_L1_204.bin
folded -> range [207..208] in 2.2s -> fold_L1_206.bin
folded -> range [209..210] in 2.2s -> fold_L1_208.bin
folded -> range [211..212] in 2.2s -> fold_L1_210.bin
folded -> range [213..214] in 2.2s -> fold_L1_212.bin
folded -> range [215..216] in 2.2s -> fold_L1_214.bin
folded -> range [219..220] in 2.2s -> fold_L1_218.bin
folded -> range [217..218] in 2.2s -> fold_L1_216.bin
folded -> range [221..222] in 2.1s -> fold_L1_220.bin
folded -> range [223..224] in 2.2s -> fold_L1_222.bin
folded -> range [225..226] in 2.2s -> fold_L1_224.bin
folded -> range [227..228] in 2.2s -> fold_L1_226.bin
folded -> range [229..230] in 2.2s -> fold_L1_228.bin
folded -> range [231..232] in 2.2s -> fold_L1_230.bin
folded -> range [233..234] in 2.2s -> fold_L1_232.bin
folded -> range [235..236] in 2.2s -> fold_L1_234.bin
folded -> range [237..238] in 2.2s -> fold_L1_236.bin
folded -> range [239..240] in 2.2s -> fold_L1_238.bin
folded -> range [241..242] in 2.2s -> fold_L1_240.bin
folded -> range [243..244] in 2.7s -> fold_L1_242.bin
folded -> range [245..246] in 2.2s -> fold_L1_244.bin
folded -> range [247..248] in 2.8s -> fold_L1_246.bin
folded -> range [251..252] in 2.1s -> fold_L1_250.bin
folded -> range [249..250] in 2.9s -> fold_L1_248.bin
folded -> range [253..254] in 2.1s -> fold_L1_252.bin
folded -> range [255..256] in 2.1s -> fold_L1_254.bin
folded -> range [259..260] in 2.1s -> fold_L1_258.bin
folded -> range [257..258] in 2.1s -> fold_L1_256.bin
folded -> range [261..262] in 2.1s -> fold_L1_260.bin
folded -> range [263..264] in 2.1s -> fold_L1_262.bin
folded -> range [267..268] in 2.1s -> fold_L1_266.bin
folded -> range [265..266] in 2.2s -> fold_L1_264.bin
folded -> range [269..270] in 2.1s -> fold_L1_268.bin
folded -> range [271..272] in 2.1s -> fold_L1_270.bin
folded -> range [275..276] in 2.1s -> fold_L1_274.bin
folded -> range [273..274] in 2.1s -> fold_L1_272.bin
folded -> range [277..278] in 2.2s -> fold_L1_276.bin
folded -> range [279..280] in 2.2s -> fold_L1_278.bin
folded -> range [283..284] in 2.1s -> fold_L1_282.bin
folded -> range [281..282] in 2.2s -> fold_L1_280.bin
folded -> range [285..286] in 2.1s -> fold_L1_284.bin
folded -> range [287..288] in 2.1s -> fold_L1_286.bin
folded -> range [291..292] in 2.1s -> fold_L1_290.bin
folded -> range [289..290] in 2.2s -> fold_L1_288.bin
folded -> range [293..294] in 2.1s -> fold_L1_292.bin
folded -> range [295..296] in 2.1s -> fold_L1_294.bin
folded -> range [299..300] in 2.2s -> fold_L1_298.bin
folded -> range [297..298] in 2.2s -> fold_L1_296.bin
folded -> range [301..302] in 2.1s -> fold_L1_300.bin
folded -> range [303..304] in 2.2s -> fold_L1_302.bin
folded -> range [305..306] in 2.1s -> fold_L1_304.bin
folded -> range [307..308] in 2.1s -> fold_L1_306.bin
folded -> range [311..312] in 2.2s -> fold_L1_310.bin
folded -> range [309..310] in 2.2s -> fold_L1_308.bin
folded -> range [315..316] in 2.1s -> fold_L1_314.bin
folded -> range [313..314] in 2.7s -> fold_L1_312.bin
folded -> range [317..318] in 2.1s -> fold_L1_316.bin
folded -> range [319..320] in 2.1s -> fold_L1_318.bin
folded -> range [321..322] in 2.1s -> fold_L1_320.bin
folded -> range [323..324] in 2.1s -> fold_L1_322.bin
folded -> range [325..326] in 2.2s -> fold_L1_324.bin
folded -> range [327..328] in 2.2s -> fold_L1_326.bin
folded -> range [331..332] in 2.1s -> fold_L1_330.bin
folded -> range [329..330] in 2.2s -> fold_L1_328.bin
folded -> range [335..336] in 2.2s -> fold_L1_334.bin
folded -> range [333..334] in 2.2s -> fold_L1_332.bin
folded -> range [339..340] in 2.2s -> fold_L1_338.bin
folded -> range [337..338] in 2.2s -> fold_L1_336.bin
folded -> range [341..342] in 2.2s -> fold_L1_340.bin
folded -> range [343..344] in 2.2s -> fold_L1_342.bin
folded -> range [347..348] in 2.2s -> fold_L1_346.bin
folded -> range [345..346] in 2.8s -> fold_L1_344.bin
folded -> range [351..352] in 2.2s -> fold_L1_350.bin
folded -> range [349..350] in 2.2s -> fold_L1_348.bin
folded -> range [353..354] in 2.2s -> fold_L1_352.bin
folded -> range [355..356] in 2.2s -> fold_L1_354.bin
folded -> range [357..358] in 2.2s -> fold_L1_356.bin
folded -> range [359..360] in 2.2s -> fold_L1_358.bin
folded -> range [363..364] in 2.1s -> fold_L1_362.bin
folded -> range [361..362] in 2.8s -> fold_L1_360.bin
folded -> range [365..366] in 2.2s -> fold_L1_364.bin
folded -> range [367..368] in 2.2s -> fold_L1_366.bin
folded -> range [371..372] in 2.2s -> fold_L1_370.bin
folded -> range [369..370] in 2.7s -> fold_L1_368.bin
folded -> range [373..374] in 2.7s -> fold_L1_372.bin
folded -> range [375..376] in 2.8s -> fold_L1_374.bin
folded -> range [379..380] in 2.1s -> fold_L1_378.bin
folded -> range [377..378] in 2.9s -> fold_L1_376.bin
folded -> range [383..384] in 2.1s -> fold_L1_382.bin
folded -> range [381..382] in 2.1s -> fold_L1_380.bin
folded -> range [387..388] in 2.1s -> fold_L1_386.bin
folded -> range [385..386] in 2.1s -> fold_L1_384.bin
folded -> range [389..390] in 2.1s -> fold_L1_388.bin
folded -> range [391..392] in 2.1s -> fold_L1_390.bin
folded -> range [395..396] in 2.1s -> fold_L1_394.bin
folded -> range [393..394] in 2.2s -> fold_L1_392.bin
folded -> range [397..398] in 2.1s -> fold_L1_396.bin
folded -> range [399..400] in 2.2s -> fold_L1_398.bin
folded -> range [403..404] in 2.2s -> fold_L1_402.bin
folded -> range [401..402] in 2.2s -> fold_L1_400.bin
folded -> range [405..406] in 2.1s -> fold_L1_404.bin
folded -> range [407..408] in 2.2s -> fold_L1_406.bin
folded -> range [411..412] in 2.2s -> fold_L1_410.bin
folded -> range [409..410] in 2.7s -> fold_L1_408.bin
folded -> range [413..414] in 2.1s -> fold_L1_412.bin
folded -> range [415..416] in 2.2s -> fold_L1_414.bin
folded -> range [417..418] in 2.2s -> fold_L1_416.bin
folded -> range [419..420] in 2.2s -> fold_L1_418.bin
folded -> range [421..422] in 2.2s -> fold_L1_420.bin
folded -> range [423..424] in 2.2s -> fold_L1_422.bin
folded -> range [427..428] in 2.2s -> fold_L1_426.bin
folded -> range [425..426] in 2.8s -> fold_L1_424.bin
folded -> range [429..430] in 2.2s -> fold_L1_428.bin
folded -> range [431..432] in 2.2s -> fold_L1_430.bin
folded -> range [435..436] in 2.2s -> fold_L1_434.bin
folded -> range [433..434] in 2.8s -> fold_L1_432.bin
folded -> range [437..438] in 2.7s -> fold_L1_436.bin
folded -> range [439..440] in 2.8s -> fold_L1_438.bin
folded -> range [443..444] in 2.2s -> fold_L1_442.bin
folded -> range [441..442] in 2.9s -> fold_L1_440.bin
folded -> range [445..446] in 2.1s -> fold_L1_444.bin
folded -> range [447..448] in 2.2s -> fold_L1_446.bin
folded -> range [449..450] in 2.2s -> fold_L1_448.bin
folded -> range [451..452] in 2.2s -> fold_L1_450.bin
folded -> range [453..454] in 2.2s -> fold_L1_452.bin
folded -> range [455..456] in 2.2s -> fold_L1_454.bin
folded -> range [459..460] in 2.2s -> fold_L1_458.bin
folded -> range [457..458] in 2.8s -> fold_L1_456.bin
folded -> range [461..462] in 2.2s -> fold_L1_460.bin
folded -> range [463..464] in 2.2s -> fold_L1_462.bin
folded -> range [467..468] in 2.2s -> fold_L1_466.bin
folded -> range [465..466] in 2.7s -> fold_L1_464.bin
folded -> range [469..470] in 2.7s -> fold_L1_468.bin
folded -> range [471..472] in 2.8s -> fold_L1_470.bin
folded -> range [475..476] in 2.2s -> fold_L1_474.bin
folded -> range [473..474] in 2.9s -> fold_L1_472.bin
folded -> range [479..480] in 2.2s -> fold_L1_478.bin
folded -> range [477..478] in 2.2s -> fold_L1_476.bin
folded -> range [483..484] in 2.2s -> fold_L1_482.bin
folded -> range [481..482] in 2.7s -> fold_L1_480.bin
folded -> range [485..486] in 2.7s -> fold_L1_484.bin
folded -> range [487..488] in 2.8s -> fold_L1_486.bin
folded -> range [491..492] in 2.7s -> fold_L1_490.bin
folded -> range [489..490] in 2.9s -> fold_L1_488.bin
folded -> range [493..494] in 2.7s -> fold_L1_492.bin
folded -> range [495..496] in 2.8s -> fold_L1_494.bin
folded -> range [497..498] in 2.8s -> fold_L1_496.bin
folded -> range [499..500] in 2.9s -> fold_L1_498.bin
folded -> range [501..502] in 2.8s -> fold_L1_500.bin
folded -> range [503..504] in 2.9s -> fold_L1_502.bin
folded -> range [505..506] in 2.9s -> fold_L1_504.bin
folded -> range [507..508] in 2.9s -> fold_L1_506.bin
folded -> range [509..510] in 2.1s -> fold_L1_508.bin
folded -> range [511..512] in 2.1s -> fold_L1_510.bin
folded -> range [515..516] in 2.2s -> fold_L1_514.bin
folded -> range [513..514] in 2.2s -> fold_L1_512.bin
folded -> range [517..518] in 2.2s -> fold_L1_516.bin
folded -> range [519..520] in 2.2s -> fold_L1_518.bin
folded -> range [521..522] in 2.2s -> fold_L1_520.bin
folded -> range [523..524] in 2.2s -> fold_L1_522.bin
folded -> range [525..526] in 2.2s -> fold_L1_524.bin
folded -> range [527..528] in 2.2s -> fold_L1_526.bin
folded -> range [529..530] in 2.2s -> fold_L1_528.bin
folded -> range [531..532] in 2.2s -> fold_L1_530.bin
folded -> range [533..534] in 2.2s -> fold_L1_532.bin
folded -> range [535..536] in 2.2s -> fold_L1_534.bin
folded -> range [539..540] in 2.2s -> fold_L1_538.bin
folded -> range [537..538] in 2.2s -> fold_L1_536.bin
folded -> range [543..544] in 2.1s -> fold_L1_542.bin
folded -> range [541..542] in 2.1s -> fold_L1_540.bin
folded -> range [547..548] in 2.2s -> fold_L1_546.bin
folded -> range [545..546] in 2.2s -> fold_L1_544.bin
folded -> range [549..550] in 2.1s -> fold_L1_548.bin
  level 1 -> 275 range(s) remain
folded -> range [1..4] in 1.8s -> fold_L2_0.bin
folded -> range [5..8] in 1.8s -> fold_L2_2.bin
folded -> range [9..12] in 2.1s -> fold_L2_4.bin
folded -> range [13..16] in 2.1s -> fold_L2_6.bin
folded -> range [17..20] in 2.1s -> fold_L2_8.bin
folded -> range [21..24] in 2.1s -> fold_L2_10.bin
folded -> range [29..32] in 2.1s -> fold_L2_14.bin
folded -> range [25..28] in 2.1s -> fold_L2_12.bin
folded -> range [33..36] in 2.1s -> fold_L2_16.bin
folded -> range [37..40] in 2.1s -> fold_L2_18.bin
folded -> range [41..44] in 2.1s -> fold_L2_20.bin
folded -> range [45..48] in 2.1s -> fold_L2_22.bin
folded -> range [49..52] in 2.1s -> fold_L2_24.bin
folded -> range [53..56] in 2.1s -> fold_L2_26.bin
folded -> range [57..60] in 2.1s -> fold_L2_28.bin
folded -> range [61..64] in 2.1s -> fold_L2_30.bin
folded -> range [65..68] in 2.1s -> fold_L2_32.bin
folded -> range [69..72] in 2.1s -> fold_L2_34.bin
folded -> range [73..76] in 2.1s -> fold_L2_36.bin
folded -> range [77..80] in 2.1s -> fold_L2_38.bin
folded -> range [81..84] in 2.1s -> fold_L2_40.bin
folded -> range [85..88] in 2.1s -> fold_L2_42.bin
folded -> range [89..92] in 2.1s -> fold_L2_44.bin
folded -> range [93..96] in 2.1s -> fold_L2_46.bin
folded -> range [97..100] in 2.1s -> fold_L2_48.bin
folded -> range [101..104] in 2.1s -> fold_L2_50.bin
folded -> range [105..108] in 2.1s -> fold_L2_52.bin
folded -> range [109..112] in 2.2s -> fold_L2_54.bin
folded -> range [117..120] in 2.2s -> fold_L2_58.bin
folded -> range [113..116] in 2.2s -> fold_L2_56.bin
folded -> range [125..128] in 2.1s -> fold_L2_62.bin
folded -> range [121..124] in 2.2s -> fold_L2_60.bin
folded -> range [129..132] in 2.1s -> fold_L2_64.bin
folded -> range [133..136] in 2.1s -> fold_L2_66.bin
folded -> range [137..140] in 2.1s -> fold_L2_68.bin
folded -> range [141..144] in 2.2s -> fold_L2_70.bin
folded -> range [145..148] in 2.1s -> fold_L2_72.bin
folded -> range [149..152] in 2.1s -> fold_L2_74.bin
folded -> range [157..160] in 2.1s -> fold_L2_78.bin
folded -> range [153..156] in 2.1s -> fold_L2_76.bin
folded -> range [165..168] in 2.1s -> fold_L2_82.bin
folded -> range [161..164] in 2.1s -> fold_L2_80.bin
folded -> range [169..172] in 2.2s -> fold_L2_84.bin
folded -> range [173..176] in 2.2s -> fold_L2_86.bin
folded -> range [181..184] in 2.2s -> fold_L2_90.bin
folded -> range [177..180] in 2.2s -> fold_L2_88.bin
folded -> range [189..192] in 2.1s -> fold_L2_94.bin
folded -> range [185..188] in 2.2s -> fold_L2_92.bin
folded -> range [197..200] in 2.1s -> fold_L2_98.bin
folded -> range [193..196] in 2.1s -> fold_L2_96.bin
folded -> range [205..208] in 2.1s -> fold_L2_102.bin
folded -> range [201..204] in 2.1s -> fold_L2_100.bin
folded -> range [209..212] in 2.1s -> fold_L2_104.bin
folded -> range [213..216] in 2.2s -> fold_L2_106.bin
folded -> range [221..224] in 2.1s -> fold_L2_110.bin
folded -> range [217..220] in 2.1s -> fold_L2_108.bin
folded -> range [225..228] in 2.2s -> fold_L2_112.bin
folded -> range [229..232] in 2.2s -> fold_L2_114.bin
folded -> range [237..240] in 2.1s -> fold_L2_118.bin
folded -> range [233..236] in 2.2s -> fold_L2_116.bin
folded -> range [241..244] in 2.2s -> fold_L2_120.bin
folded -> range [245..248] in 2.2s -> fold_L2_122.bin
folded -> range [253..256] in 2.1s -> fold_L2_126.bin
folded -> range [249..252] in 2.2s -> fold_L2_124.bin
folded -> range [257..260] in 2.1s -> fold_L2_128.bin
folded -> range [261..264] in 2.1s -> fold_L2_130.bin
folded -> range [265..268] in 2.1s -> fold_L2_132.bin
folded -> range [269..272] in 2.1s -> fold_L2_134.bin
folded -> range [277..280] in 2.1s -> fold_L2_138.bin
folded -> range [273..276] in 2.2s -> fold_L2_136.bin
folded -> range [285..288] in 2.1s -> fold_L2_142.bin
folded -> range [281..284] in 2.1s -> fold_L2_140.bin
folded -> range [289..292] in 2.1s -> fold_L2_144.bin
folded -> range [293..296] in 2.1s -> fold_L2_146.bin
folded -> range [301..304] in 2.2s -> fold_L2_150.bin
folded -> range [297..300] in 2.2s -> fold_L2_148.bin
folded -> range [309..312] in 2.2s -> fold_L2_154.bin
folded -> range [305..308] in 2.2s -> fold_L2_152.bin
folded -> range [317..320] in 2.1s -> fold_L2_158.bin
folded -> range [313..316] in 2.2s -> fold_L2_156.bin
folded -> range [321..324] in 2.2s -> fold_L2_160.bin
folded -> range [325..328] in 2.2s -> fold_L2_162.bin
folded -> range [329..332] in 2.1s -> fold_L2_164.bin
folded -> range [333..336] in 2.1s -> fold_L2_166.bin
folded -> range [341..344] in 2.2s -> fold_L2_170.bin
folded -> range [337..340] in 2.2s -> fold_L2_168.bin
folded -> range [349..352] in 2.2s -> fold_L2_174.bin
folded -> range [345..348] in 2.2s -> fold_L2_172.bin
folded -> range [357..360] in 2.2s -> fold_L2_178.bin
folded -> range [353..356] in 2.2s -> fold_L2_176.bin
folded -> range [365..368] in 2.2s -> fold_L2_182.bin
folded -> range [361..364] in 2.7s -> fold_L2_180.bin
folded -> range [369..372] in 2.8s -> fold_L2_184.bin
folded -> range [373..376] in 2.8s -> fold_L2_186.bin
folded -> range [381..384] in 2.1s -> fold_L2_190.bin
folded -> range [377..380] in 2.8s -> fold_L2_188.bin
folded -> range [385..388] in 2.2s -> fold_L2_192.bin
folded -> range [389..392] in 2.2s -> fold_L2_194.bin
folded -> range [397..400] in 2.2s -> fold_L2_198.bin
folded -> range [393..396] in 2.2s -> fold_L2_196.bin
folded -> range [405..408] in 2.2s -> fold_L2_202.bin
folded -> range [401..404] in 2.2s -> fold_L2_200.bin
folded -> range [413..416] in 2.1s -> fold_L2_206.bin
folded -> range [409..412] in 2.2s -> fold_L2_204.bin
folded -> range [417..420] in 2.2s -> fold_L2_208.bin
folded -> range [421..424] in 2.2s -> fold_L2_210.bin
folded -> range [429..432] in 2.2s -> fold_L2_214.bin
folded -> range [425..428] in 2.7s -> fold_L2_212.bin
folded -> range [433..436] in 2.7s -> fold_L2_216.bin
folded -> range [437..440] in 2.8s -> fold_L2_218.bin
folded -> range [445..448] in 2.1s -> fold_L2_222.bin
folded -> range [441..444] in 2.8s -> fold_L2_220.bin
folded -> range [449..452] in 2.2s -> fold_L2_224.bin
folded -> range [453..456] in 2.2s -> fold_L2_226.bin
folded -> range [461..464] in 2.2s -> fold_L2_230.bin
folded -> range [457..460] in 2.7s -> fold_L2_228.bin
folded -> range [465..468] in 2.7s -> fold_L2_232.bin
folded -> range [469..472] in 2.8s -> fold_L2_234.bin
folded -> range [477..480] in 2.2s -> fold_L2_238.bin
folded -> range [473..476] in 2.8s -> fold_L2_236.bin
folded -> range [481..484] in 2.7s -> fold_L2_240.bin
folded -> range [485..488] in 2.8s -> fold_L2_242.bin
folded -> range [493..496] in 2.8s -> fold_L2_246.bin
folded -> range [489..492] in 2.9s -> fold_L2_244.bin
folded -> range [497..500] in 2.9s -> fold_L2_248.bin
folded -> range [501..504] in 2.9s -> fold_L2_250.bin
folded -> range [509..512] in 2.2s -> fold_L2_254.bin
folded -> range [505..508] in 2.9s -> fold_L2_252.bin
folded -> range [513..516] in 2.1s -> fold_L2_256.bin
folded -> range [517..520] in 2.1s -> fold_L2_258.bin
folded -> range [525..528] in 2.1s -> fold_L2_262.bin
folded -> range [521..524] in 2.1s -> fold_L2_260.bin
folded -> range [529..532] in 2.1s -> fold_L2_264.bin
folded -> range [533..536] in 2.1s -> fold_L2_266.bin
folded -> range [541..544] in 2.1s -> fold_L2_270.bin
folded -> range [537..540] in 2.1s -> fold_L2_268.bin
folded -> range [545..548] in 2.0s -> fold_L2_272.bin
  level 2 -> 138 range(s) remain
folded -> range [1..8] in 1.7s -> fold_L3_0.bin
folded -> range [9..16] in 1.7s -> fold_L3_2.bin
folded -> range [25..32] in 2.1s -> fold_L3_6.bin
folded -> range [17..24] in 2.1s -> fold_L3_4.bin
folded -> range [33..40] in 2.1s -> fold_L3_8.bin
folded -> range [41..48] in 2.1s -> fold_L3_10.bin
folded -> range [49..56] in 2.1s -> fold_L3_12.bin
folded -> range [57..64] in 2.1s -> fold_L3_14.bin
folded -> range [65..72] in 2.1s -> fold_L3_16.bin
folded -> range [73..80] in 2.1s -> fold_L3_18.bin
folded -> range [81..88] in 2.1s -> fold_L3_20.bin
folded -> range [89..96] in 2.1s -> fold_L3_22.bin
folded -> range [105..112] in 2.1s -> fold_L3_26.bin
folded -> range [97..104] in 2.1s -> fold_L3_24.bin
folded -> range [113..120] in 2.1s -> fold_L3_28.bin
folded -> range [121..128] in 2.1s -> fold_L3_30.bin
folded -> range [129..136] in 2.1s -> fold_L3_32.bin
folded -> range [137..144] in 2.1s -> fold_L3_34.bin
folded -> range [153..160] in 2.2s -> fold_L3_38.bin
folded -> range [145..152] in 2.2s -> fold_L3_36.bin
folded -> range [161..168] in 2.1s -> fold_L3_40.bin
folded -> range [169..176] in 2.1s -> fold_L3_42.bin
folded -> range [185..192] in 2.1s -> fold_L3_46.bin
folded -> range [177..184] in 2.2s -> fold_L3_44.bin
folded -> range [193..200] in 2.1s -> fold_L3_48.bin
folded -> range [201..208] in 2.1s -> fold_L3_50.bin
folded -> range [209..216] in 2.1s -> fold_L3_52.bin
folded -> range [217..224] in 2.1s -> fold_L3_54.bin
folded -> range [225..232] in 2.1s -> fold_L3_56.bin
folded -> range [233..240] in 2.2s -> fold_L3_58.bin
folded -> range [241..248] in 2.1s -> fold_L3_60.bin
folded -> range [249..256] in 2.1s -> fold_L3_62.bin
folded -> range [257..264] in 2.1s -> fold_L3_64.bin
folded -> range [265..272] in 2.1s -> fold_L3_66.bin
folded -> range [281..288] in 2.1s -> fold_L3_70.bin
folded -> range [273..280] in 2.1s -> fold_L3_68.bin
folded -> range [297..304] in 2.1s -> fold_L3_74.bin
folded -> range [289..296] in 2.1s -> fold_L3_72.bin
folded -> range [305..312] in 2.1s -> fold_L3_76.bin
folded -> range [313..320] in 2.1s -> fold_L3_78.bin
folded -> range [321..328] in 2.1s -> fold_L3_80.bin
folded -> range [329..336] in 2.2s -> fold_L3_82.bin
folded -> range [337..344] in 2.2s -> fold_L3_84.bin
folded -> range [345..352] in 2.2s -> fold_L3_86.bin
folded -> range [353..360] in 2.2s -> fold_L3_88.bin
folded -> range [361..368] in 2.2s -> fold_L3_90.bin
folded -> range [377..384] in 2.1s -> fold_L3_94.bin
folded -> range [369..376] in 2.8s -> fold_L3_92.bin
folded -> range [393..400] in 2.2s -> fold_L3_98.bin
folded -> range [385..392] in 2.2s -> fold_L3_96.bin
folded -> range [409..416] in 2.2s -> fold_L3_102.bin
folded -> range [401..408] in 2.3s -> fold_L3_100.bin
folded -> range [425..432] in 2.2s -> fold_L3_106.bin
folded -> range [417..424] in 2.2s -> fold_L3_104.bin
folded -> range [441..448] in 2.1s -> fold_L3_110.bin
folded -> range [433..440] in 2.7s -> fold_L3_108.bin
folded -> range [449..456] in 2.2s -> fold_L3_112.bin
folded -> range [457..464] in 2.2s -> fold_L3_114.bin
folded -> range [473..480] in 2.2s -> fold_L3_118.bin
folded -> range [465..472] in 2.8s -> fold_L3_116.bin
folded -> range [481..488] in 2.7s -> fold_L3_120.bin
folded -> range [489..496] in 2.8s -> fold_L3_122.bin
folded -> range [505..512] in 2.8s -> fold_L3_126.bin
folded -> range [497..504] in 2.9s -> fold_L3_124.bin
folded -> range [521..528] in 2.1s -> fold_L3_130.bin
folded -> range [513..520] in 2.1s -> fold_L3_128.bin
folded -> range [529..536] in 2.1s -> fold_L3_132.bin
folded -> range [537..544] in 2.1s -> fold_L3_134.bin
folded -> range [545..550] in 2.0s -> fold_L3_136.bin
  level 3 -> 69 range(s) remain
folded -> range [1..16] in 1.7s -> fold_L4_0.bin
folded -> range [17..32] in 1.7s -> fold_L4_2.bin
folded -> range [33..48] in 2.1s -> fold_L4_4.bin
folded -> range [49..64] in 2.1s -> fold_L4_6.bin
folded -> range [65..80] in 2.1s -> fold_L4_8.bin
folded -> range [81..96] in 2.1s -> fold_L4_10.bin
folded -> range [97..112] in 2.1s -> fold_L4_12.bin
folded -> range [113..128] in 2.1s -> fold_L4_14.bin
folded -> range [129..144] in 2.1s -> fold_L4_16.bin
folded -> range [145..160] in 2.1s -> fold_L4_18.bin
folded -> range [161..176] in 2.1s -> fold_L4_20.bin
folded -> range [177..192] in 2.1s -> fold_L4_22.bin
folded -> range [193..208] in 2.1s -> fold_L4_24.bin
folded -> range [209..224] in 2.2s -> fold_L4_26.bin
folded -> range [225..240] in 2.2s -> fold_L4_28.bin
folded -> range [241..256] in 2.2s -> fold_L4_30.bin
folded -> range [257..272] in 2.2s -> fold_L4_32.bin
folded -> range [273..288] in 2.2s -> fold_L4_34.bin
folded -> range [305..320] in 2.2s -> fold_L4_38.bin
folded -> range [289..304] in 2.2s -> fold_L4_36.bin
folded -> range [321..336] in 2.2s -> fold_L4_40.bin
folded -> range [337..352] in 2.2s -> fold_L4_42.bin
folded -> range [353..368] in 2.2s -> fold_L4_44.bin
folded -> range [369..384] in 2.2s -> fold_L4_46.bin
folded -> range [385..400] in 2.2s -> fold_L4_48.bin
folded -> range [401..416] in 2.2s -> fold_L4_50.bin
folded -> range [417..432] in 2.2s -> fold_L4_52.bin
folded -> range [433..448] in 2.7s -> fold_L4_54.bin
folded -> range [449..464] in 2.2s -> fold_L4_56.bin
folded -> range [465..480] in 2.8s -> fold_L4_58.bin
folded -> range [497..512] in 2.8s -> fold_L4_62.bin
folded -> range [481..496] in 2.9s -> fold_L4_60.bin
folded -> range [513..528] in 2.1s -> fold_L4_64.bin
folded -> range [529..544] in 2.2s -> fold_L4_66.bin
  level 4 -> 35 range(s) remain
folded -> range [1..32] in 1.7s -> fold_L5_0.bin
folded -> range [33..64] in 1.8s -> fold_L5_2.bin
folded -> range [65..96] in 2.1s -> fold_L5_4.bin
folded -> range [97..128] in 2.2s -> fold_L5_6.bin
folded -> range [129..160] in 2.1s -> fold_L5_8.bin
folded -> range [161..192] in 2.1s -> fold_L5_10.bin
folded -> range [193..224] in 2.1s -> fold_L5_12.bin
folded -> range [225..256] in 2.2s -> fold_L5_14.bin
folded -> range [257..288] in 2.1s -> fold_L5_16.bin
folded -> range [289..320] in 2.2s -> fold_L5_18.bin
folded -> range [353..384] in 2.2s -> fold_L5_22.bin
folded -> range [321..352] in 2.2s -> fold_L5_20.bin
folded -> range [385..416] in 2.2s -> fold_L5_24.bin
folded -> range [417..448] in 2.2s -> fold_L5_26.bin
folded -> range [481..512] in 2.2s -> fold_L5_30.bin
folded -> range [449..480] in 2.2s -> fold_L5_28.bin
folded -> range [513..544] in 2.0s -> fold_L5_32.bin
  level 5 -> 18 range(s) remain
folded -> range [1..64] in 1.7s -> fold_L6_0.bin
folded -> range [65..128] in 2.1s -> fold_L6_2.bin
folded -> range [129..192] in 2.1s -> fold_L6_4.bin
folded -> range [193..256] in 2.1s -> fold_L6_6.bin
folded -> range [257..320] in 2.2s -> fold_L6_8.bin
folded -> range [321..384] in 2.2s -> fold_L6_10.bin
folded -> range [449..512] in 2.1s -> fold_L6_14.bin
folded -> range [385..448] in 2.2s -> fold_L6_12.bin
folded -> range [513..550] in 2.0s -> fold_L6_16.bin
  level 6 -> 9 range(s) remain
folded -> range [1..128] in 1.7s -> fold_L7_0.bin
folded -> range [129..256] in 2.1s -> fold_L7_2.bin
folded -> range [385..512] in 2.2s -> fold_L7_6.bin
folded -> range [257..384] in 2.2s -> fold_L7_4.bin
  level 7 -> 5 range(s) remain
folded -> range [1..256] in 1.7s -> fold_L8_0.bin
folded -> range [257..512] in 2.1s -> fold_L8_2.bin
  level 8 -> 3 range(s) remain
folded -> range [1..512] in 2.0s -> fold_L9_0.bin
  level 9 -> 2 range(s) remain
folded -> range [1..550] in 2.0s -> fold_L10_0.bin
  level 10 -> 1 range(s) remain
=== VERIFY (genesis-anchored) ===
>>> RANGE PROOF [1..550] VERIFIED — genesis-anchored, one succinct receipt.
  out_tip_hash 75a5ad37b74e9126e265eece6af8b0e41c9594803b3a57773cf44f3100000000  range_work 2362268058150  total_cum_work 2366563090983  UTXO leaves 555
TOTAL wall-clock: 1077s
ALLDONE
